c:\users\quentin\desktop\towerdefense\towerdefense\debug\vc141.pdb
c:\users\quentin\desktop\towerdefense\towerdefense\debug\vc141.idb
c:\users\quentin\desktop\towerdefense\towerdefense\debug\cell.obj
c:\users\quentin\desktop\towerdefense\towerdefense\debug\enemy.obj
c:\users\quentin\desktop\towerdefense\towerdefense\debug\entity.obj
c:\users\quentin\desktop\towerdefense\towerdefense\debug\field.obj
c:\users\quentin\desktop\towerdefense\towerdefense\debug\game.obj
c:\users\quentin\desktop\towerdefense\towerdefense\debug\main.obj
c:\users\quentin\desktop\towerdefense\towerdefense\debug\display.obj
c:\users\quentin\desktop\towerdefense\towerdefense\debug\manager.obj
c:\users\quentin\desktop\towerdefense\towerdefense\debug\player.obj
c:\users\quentin\desktop\towerdefense\towerdefense\debug\tower.obj
c:\users\quentin\desktop\towerdefense\towerdefense\debug\interface.obj
c:\users\quentin\desktop\towerdefense\debug\towerdefense.exe
c:\users\quentin\desktop\towerdefense\debug\towerdefense.ilk
c:\users\quentin\desktop\towerdefense\debug\towerdefense.pdb
c:\users\quentin\desktop\towerdefense\debug\towerdefense.lib
c:\users\quentin\desktop\towerdefense\debug\towerdefense.exp
c:\users\quentin\desktop\towerdefense\towerdefense\debug\towerdefense.tlog\cl.command.1.tlog
c:\users\quentin\desktop\towerdefense\towerdefense\debug\towerdefense.tlog\cl.read.1.tlog
c:\users\quentin\desktop\towerdefense\towerdefense\debug\towerdefense.tlog\cl.write.1.tlog
c:\users\quentin\desktop\towerdefense\towerdefense\debug\towerdefense.tlog\link.command.1.tlog
c:\users\quentin\desktop\towerdefense\towerdefense\debug\towerdefense.tlog\link.read.1.tlog
c:\users\quentin\desktop\towerdefense\towerdefense\debug\towerdefense.tlog\link.write.1.tlog
c:\users\quentin\desktop\towerdefense\towerdefense\debug\towerdefense.tlog\towerdefense.write.1u.tlog
